[     386ms] [INFO] %cDownload the React DevTools for a better development experience: https://reactjs.org/link/react-devtools font-weight:bold @ http://localhost:51730/node_modules/.vite/deps/chunk-O5CTZMXY.js?v=f121ee0b:21550
[     573ms] [LOG] %cWE ❤ TENIU CLOUD%c Powered by Teniu.AI color: #00ff88; font-weight: bold; font-size: 24px; color: inherit; font-size: 14px; @ http://localhost:51730/src/index.jsx?t=1777630383980:1602
[     576ms] [LOG] %c[code-inspector-plugin]
%c• Press and hold %cshift %c+ %c⌥option %cto use the feature.
• Press %cshift %c+ %c⌥option %c+ %cZ %cto see and change feature.
• Current Feature: %cLocate Code color: #006aff; font-weight: bolder; font-size: 12px; color: #00B42A; font-family: PingFang SC; font-size: 12px; color: #006aff; font-weight: bold; font-family: PingFang SC; font-size: 12px; color: #00B42A; font-family: PingFang SC; font-size: 12px; color: #006aff; font-weight: bold; font-family: PingFang SC; font-size: 12px; color: #00B42A; font-family: PingFang SC; font-size: 12px; color: #006aff; font-weight: bold; font-family: PingFang SC; font-size: 12px; color: #00B42A; font-family: PingFang SC; font-size: 12px; color: #006aff; font-weight: bold; font-family: PingFang SC; font-size: 12px; color: #00B42A; font-family: PingFang SC; font-size: 12px; color: #006aff; font-weight: bold; font-family: PingFang SC; font-size: 12px; color: #00B42A; font-family: PingFang SC; font-size: 12px; color: #006aff; font-weight: bold; font-family: PingFang SC; font-size: 12px; @ http://localhost:51730/src/index.jsx?t=1777630383980:1479
[     624ms] [ERROR] Warning: findDOMNode is deprecated and will be removed in the next major release. Instead, add a ref directly to the element you want to reference. Learn more about using refs safely here: https://reactjs.org/link/strict-mode-find-node @ http://localhost:51730/src/index.jsx?t=1777630383980:42
[     626ms] [ERROR] Warning: %s is deprecated in StrictMode. %s was passed an instance of %s which is inside StrictMode. Instead, add a ref directly to the element you want to reference. Learn more about using refs safely here: https://reactjs.org/link/strict-mode-find-node%s findDOMNode findDOMNode Button2 
    at button
    at Button (http://localhost:51730/node_modules/.vite/deps/@douyinfe_semi-ui.js?v=02ff40ba:35434:14)
    at IconButton (http://localhost:51730/node_modules/.vite/deps/@douyinfe_semi-ui.js?v=02ff40ba:35529:18)
    at Button2 (http://localhost:51730/node_modules/.vite/deps/@douyinfe_semi-ui.js?v=02ff40ba:36467:5)
    at Tooltip2 (http://localhost:51730/node_modules/.vite/deps/chunk-YM5FUUGJ.js?v=f121ee0b:5017:5)
    at _Dropdown (http://localhost:51730/node_modules/.vite/deps/@douyinfe_semi-ui.js?v=02ff40ba:56678:5)
    at ThemeToggle (http://localhost:51730/src/components/layout/headerbar/ThemeToggle.jsx:22:24)
    at div
    at ActionButtons (http://localhost:51730/src/components/layout/headerbar/ActionButtons.jsx:24:3)
    at div
    at div
    at header
    at HeaderBar (http://localhost:51730/src/components/layout/headerbar/index.jsx:27:22)
    at header
    at Basic (http://localhost:51730/node_modules/.vite/deps/@douyinfe_semi-ui.js?v=02ff40ba:57296:13)
    at Adapter (http://localhost:51730/node_modules/.vite/deps/@douyinfe_semi-ui.js?v=02ff40ba:57285:30)
    at section
    at Layout (http://localhost:51730/node_modules/.vite/deps/@douyinfe_semi-ui.js?v=02ff40ba:57324:5)
    at PageLayout (http://localhost:51730/src/components/layout/PageLayout.jsx?t=1777630326583:42:37)
    at LocaleProvider (http://localhost:51730/node_modules/.vite/deps/@douyinfe_semi-ui.js?v=02ff40ba:87469:5)
    at SemiLocaleWrapper (http://localhost:51730/src/index.jsx?t=1777630383980:1609:30)
    at ThemeProvider (http://localhost:51730/src/context/Theme/index.jsx:49:33)
    at Router (http://localhost:51730/node_modules/.vite/deps/react-router-dom.js?v=8cb90b26:4482:15)
    at BrowserRouter (http://localhost:51730/node_modules/.vite/deps/react-router-dom.js?v=8cb90b26:5228:5)
    at UserProvider (http://localhost:51730/src/context/User/index.jsx:26:32)
    at StatusProvider (http://localhost:51730/src/context/Status/index.jsx:24:34) @ http://localhost:51730/src/index.jsx?t=1777630383980:42
